<?xml version="1.0" encoding="UTF-8"?>
<!-- Generated by org.testng.reporters.JUnitReportReporter -->
<testsuite hostname="SOUBHAGYA-PC" failures="0" tests="1" name="E2EDemoTesting.HomePage" time="30.883" errors="0" timestamp="2022-01-24T19:57:21 IST" skipped="0">
  <testcase classname="E2EDemoTesting.HomePage" name="basePageNavigation" time="30.883"/>
  <system-out>
    <![CDATA[User Login with Invalid credentials]]>
  </system-out>
</testsuite> <!-- E2EDemoTesting.HomePage -->
