<?xml version="1.0" encoding="UTF-8"?>
<!-- Generated by org.testng.reporters.JUnitReportReporter -->
<testsuite hostname="SOUBHAGYA-PC" failures="0" tests="1" name="E2EDemoTesting.validateTitle" time="0.237" errors="0" timestamp="2022-01-24T19:57:21 IST" skipped="0">
  <testcase classname="E2EDemoTesting.validateTitle" name="basePageNavigation" time="0.237"/>
  <system-out>
    <![CDATA[Successfully validated text message]]>
  </system-out>
</testsuite> <!-- E2EDemoTesting.validateTitle -->
